<?xml version="1.0" encoding="UTF-8"?>
<!-- Generated by org.testng.reporters.JUnitXMLReporter -->
<testsuite ignored="1" hostname="DESKTOP-4VHUJL8" failures="0" tests="2" name="ChromeTest" time="30.945" errors="0" timestamp="2024-09-07T00:45:16 IST">
  <testcase classname="testCases.TC002_LoginTest" name="verify_login" time="2.777"/>
  <testcase classname="testCases.TC_003_SearchProduct" name="verify_searchProduct" time="8.45"/>
  <testcase classname="testCases.TC_001_AccountRegistrationTest" name="verify_account_registration" time="0.0">
    <ignored/>
  </testcase> <!-- verify_account_registration -->
</testsuite> <!-- ChromeTest -->
