<?xml version="1.0" encoding="UTF-8"?>
<testng-results ignored="0" total="2" passed="2" failed="0" skipped="0">
  <reporter-output>
  </reporter-output>
  <suite started-at="2024-09-07T00:44:45 IST" name="Suite" finished-at="2024-09-07T00:45:16 IST" duration-ms="30945">
    <groups>
      <group name="Regression">
        <method signature="TC002_LoginTest.verify_login()[pri:0, instance:testCases.TC002_LoginTest@1169afe1]" name="verify_login" class="testCases.TC002_LoginTest"/>
        <method signature="TC_003_SearchProduct.verify_searchProduct()[pri:0, instance:testCases.TC_003_SearchProduct@2ca26d77]" name="verify_searchProduct" class="testCases.TC_003_SearchProduct"/>
      </group> <!-- Regression -->
    </groups>
    <test started-at="2024-09-07T00:44:45 IST" name="ChromeTest" finished-at="2024-09-07T00:45:16 IST" duration-ms="30945">
      <class name="testCases.TC002_LoginTest">
        <test-method is-config="true" signature="setup(java.lang.String,java.lang.String)[pri:0, instance:testCases.TC002_LoginTest@1169afe1]" started-at="2024-09-07T00:44:45 IST" name="setup" finished-at="2024-09-07T00:44:56 IST" duration-ms="10635" status="PASS">
          <params>
            <param index="0">
              <value>
                <![CDATA[Windows]]>
              </value>
            </param>
            <param index="1">
              <value>
                <![CDATA[chrome]]>
              </value>
            </param>
          </params>
          <reporter-output>
          </reporter-output>
        </test-method> <!-- setup -->
        <test-method signature="verify_login()[pri:0, instance:testCases.TC002_LoginTest@1169afe1]" started-at="2024-09-07T00:44:56 IST" name="verify_login" finished-at="2024-09-07T00:44:59 IST" duration-ms="2777" status="PASS">
          <reporter-output>
          </reporter-output>
        </test-method> <!-- verify_login -->
        <test-method is-config="true" signature="tearDown()[pri:0, instance:testCases.TC002_LoginTest@1169afe1]" started-at="2024-09-07T00:44:59 IST" name="tearDown" finished-at="2024-09-07T00:44:59 IST" duration-ms="198" status="PASS">
          <reporter-output>
          </reporter-output>
        </test-method> <!-- tearDown -->
      </class> <!-- testCases.TC002_LoginTest -->
      <class name="testCases.TC_003_SearchProduct">
        <test-method is-config="true" signature="setup(java.lang.String,java.lang.String)[pri:0, instance:testCases.TC_003_SearchProduct@2ca26d77]" started-at="2024-09-07T00:44:59 IST" name="setup" finished-at="2024-09-07T00:45:08 IST" duration-ms="8484" status="PASS">
          <params>
            <param index="0">
              <value>
                <![CDATA[Windows]]>
              </value>
            </param>
            <param index="1">
              <value>
                <![CDATA[chrome]]>
              </value>
            </param>
          </params>
          <reporter-output>
          </reporter-output>
        </test-method> <!-- setup -->
        <test-method signature="verify_searchProduct()[pri:0, instance:testCases.TC_003_SearchProduct@2ca26d77]" started-at="2024-09-07T00:45:08 IST" name="verify_searchProduct" finished-at="2024-09-07T00:45:16 IST" duration-ms="8450" status="PASS">
          <reporter-output>
          </reporter-output>
        </test-method> <!-- verify_searchProduct -->
        <test-method is-config="true" signature="tearDown()[pri:0, instance:testCases.TC_003_SearchProduct@2ca26d77]" started-at="2024-09-07T00:45:16 IST" name="tearDown" finished-at="2024-09-07T00:45:16 IST" duration-ms="240" status="PASS">
          <reporter-output>
          </reporter-output>
        </test-method> <!-- tearDown -->
      </class> <!-- testCases.TC_003_SearchProduct -->
    </test> <!-- ChromeTest -->
  </suite> <!-- Suite -->
</testng-results>
